c++ objects/Local/localMain.o objects/App/Config.o objects/App/Server.o objects/HTTP/Request.o objects/HTTP/Response.o objects/Utils/helpers.o objects/dev/dev.o objects/Utils/Tockenizer.o objects/App/Client.o objects/App/Settings/Settings.o objects/HTTP/Exceptions/BadRequestException.o objects/Bootstrap/app.o objects/App/Cgi.o -o webserv 
[H[2Jset  server name has been called
set error page has been called
this is redirection https://otossa.com
set  server name has been called
set error page has been called
body is completed
body is completed
REQUEST_METHOD=POST
REDIRECT_STATUS=200
CONTENT_LENGTH=11060
ЎH
SCRIPT_FILENAME=./ressources/uploads/upload.php
X-Powered-By: PHP/8.2.1
Content-type: text/html; charset=UTF-8

Array
(
)
<br />
<b>Warning</b>:  Undefined array key "file" in <b>/Users/hchakoub/cursus/webserv/ressources/uploads/upload.php</b> on line <b>23</b><br />
cgi goes here
