-----------------------------8052361031283661606787217688
Content-Disposition: form-data; name="username"

hamza 
-----------------------------8052361031283661606787217688
Content-Disposition: form-data; name="password"

chakoubi
-----------------------------8052361031283661606787217688
Content-Disposition: form-data; name="file"; filename="main.lua"
Content-Type: text/x-lua

-- print("hello world")
-- if 1 == 1 then
--   print('yes')
-- end

-- local str = "hello world"
-- local integer = 1337

-- print(str)
-- print(integer)

-- print(math.pow(19, 2))

--   for i = 1, 10, 1 do
--     print(i)
--   end

-- -- tables
-- local tab = {
--   name = "hamza"
-- }

-- local jouj = {}

-- local tlata = {10, 12, 15}

-- jouj[0] = 10

-- -- array indexing start from one in lua
-- print(tab["name"])
-- print(jouj[0])
-- print(tlata[1])

-- loops
-- for loop
print("begin")
for i = 0, 10 do
  print(i)
end
print("end")


-----------------------------8052361031283661606787217688--
